[Date 02/10/2016 12:43:46]
System.Data.SqlClient.SqlException (0x80131904): String or binary data would be truncated.
The statement has been terminated.
   at System.Data.SqlClient.SqlConnection.OnError(SqlException exception, Boolean breakConnection, Action`1 wrapCloseInAction)
   at System.Data.SqlClient.TdsParser.ThrowExceptionAndWarning(TdsParserStateObject stateObj, Boolean callerHasConnectionLock, Boolean asyncClose)
   at System.Data.SqlClient.TdsParser.TryRun(RunBehavior runBehavior, SqlCommand cmdHandler, SqlDataReader dataStream, BulkCopySimpleResultSet bulkCopyHandler, TdsParserStateObject stateObj, Boolean& dataReady)
   at System.Data.SqlClient.SqlDataReader.TryConsumeMetaData()
   at System.Data.SqlClient.SqlDataReader.get_MetaData()
   at System.Data.SqlClient.SqlCommand.FinishExecuteReader(SqlDataReader ds, RunBehavior runBehavior, String resetOptionsString, Boolean isInternal, Boolean forDescribeParameterEncryption)
   at System.Data.SqlClient.SqlCommand.RunExecuteReaderTds(CommandBehavior cmdBehavior, RunBehavior runBehavior, Boolean returnStream, Boolean async, Int32 timeout, Task& task, Boolean asyncWrite, Boolean inRetry, SqlDataReader ds, Boolean describeParameterEncryptionRequest)
   at System.Data.SqlClient.SqlCommand.RunExecuteReader(CommandBehavior cmdBehavior, RunBehavior runBehavior, Boolean returnStream, String method, TaskCompletionSource`1 completion, Int32 timeout, Task& task, Boolean& usedCache, Boolean asyncWrite, Boolean inRetry)
   at System.Data.SqlClient.SqlCommand.RunExecuteReader(CommandBehavior cmdBehavior, RunBehavior runBehavior, Boolean returnStream, String method)
   at System.Data.SqlClient.SqlCommand.ExecuteReader(CommandBehavior behavior, String method)
   at System.Data.Linq.SqlClient.SqlProvider.Execute(Expression query, QueryInfo queryInfo, IObjectReaderFactory factory, Object[] parentArgs, Object[] userArgs, ICompiledSubQuery[] subQueries, Object lastResult)
   at System.Data.Linq.SqlClient.SqlProvider.ExecuteAll(Expression query, QueryInfo[] queryInfos, IObjectReaderFactory factory, Object[] userArguments, ICompiledSubQuery[] subQueries)
   at System.Data.Linq.SqlClient.SqlProvider.System.Data.Linq.Provider.IProvider.Execute(Expression query)
   at System.Data.Linq.ChangeDirector.StandardChangeDirector.DynamicInsert(TrackedObject item)
   at System.Data.Linq.ChangeProcessor.SubmitChanges(ConflictMode failureMode)
   at System.Data.Linq.DataContext.SubmitChanges(ConflictMode failureMode)
   at vpro.eshop.cpanel.page.news.SaveVote(Int32 _m_news_ID) in E:\Vi Cuong\Dev\Other\1tach\src\1tach.cms\vpro.eshop.cpanel\page\news.aspx.cs:line 1004
   at vpro.eshop.cpanel.page.news.SaveInfo(String strLink) in E:\Vi Cuong\Dev\Other\1tach\src\1tach.cms\vpro.eshop.cpanel\page\news.aspx.cs:line 533
ClientConnectionId:51e62c64-169b-4f95-98d5-89ac21028983
Error Number:8152,State:10,Class:16
-----------------------------------------------
[Date 02/10/2016 12:38:58]
System.Data.SqlClient.SqlException (0x80131904): String or binary data would be truncated.
The statement has been terminated.
   at System.Data.SqlClient.SqlConnection.OnError(SqlException exception, Boolean breakConnection, Action`1 wrapCloseInAction)
   at System.Data.SqlClient.TdsParser.ThrowExceptionAndWarning(TdsParserStateObject stateObj, Boolean callerHasConnectionLock, Boolean asyncClose)
   at System.Data.SqlClient.TdsParser.TryRun(RunBehavior runBehavior, SqlCommand cmdHandler, SqlDataReader dataStream, BulkCopySimpleResultSet bulkCopyHandler, TdsParserStateObject stateObj, Boolean& dataReady)
   at System.Data.SqlClient.SqlDataReader.TryConsumeMetaData()
   at System.Data.SqlClient.SqlDataReader.get_MetaData()
   at System.Data.SqlClient.SqlCommand.FinishExecuteReader(SqlDataReader ds, RunBehavior runBehavior, String resetOptionsString, Boolean isInternal, Boolean forDescribeParameterEncryption)
   at System.Data.SqlClient.SqlCommand.RunExecuteReaderTds(CommandBehavior cmdBehavior, RunBehavior runBehavior, Boolean returnStream, Boolean async, Int32 timeout, Task& task, Boolean asyncWrite, Boolean inRetry, SqlDataReader ds, Boolean describeParameterEncryptionRequest)
   at System.Data.SqlClient.SqlCommand.RunExecuteReader(CommandBehavior cmdBehavior, RunBehavior runBehavior, Boolean returnStream, String method, TaskCompletionSource`1 completion, Int32 timeout, Task& task, Boolean& usedCache, Boolean asyncWrite, Boolean inRetry)
   at System.Data.SqlClient.SqlCommand.RunExecuteReader(CommandBehavior cmdBehavior, RunBehavior runBehavior, Boolean returnStream, String method)
   at System.Data.SqlClient.SqlCommand.ExecuteReader(CommandBehavior behavior, String method)
   at System.Data.Linq.SqlClient.SqlProvider.Execute(Expression query, QueryInfo queryInfo, IObjectReaderFactory factory, Object[] parentArgs, Object[] userArgs, ICompiledSubQuery[] subQueries, Object lastResult)
   at System.Data.Linq.SqlClient.SqlProvider.ExecuteAll(Expression query, QueryInfo[] queryInfos, IObjectReaderFactory factory, Object[] userArguments, ICompiledSubQuery[] subQueries)
   at System.Data.Linq.SqlClient.SqlProvider.System.Data.Linq.Provider.IProvider.Execute(Expression query)
   at System.Data.Linq.ChangeDirector.StandardChangeDirector.DynamicInsert(TrackedObject item)
   at System.Data.Linq.ChangeProcessor.SubmitChanges(ConflictMode failureMode)
   at System.Data.Linq.DataContext.SubmitChanges(ConflictMode failureMode)
   at vpro.eshop.cpanel.page.news.SaveVote(Int32 _m_news_ID) in E:\Vi Cuong\Dev\Other\1tach\src\1tach.cms\vpro.eshop.cpanel\page\news.aspx.cs:line 1004
   at vpro.eshop.cpanel.page.news.SaveInfo(String strLink) in E:\Vi Cuong\Dev\Other\1tach\src\1tach.cms\vpro.eshop.cpanel\page\news.aspx.cs:line 533
ClientConnectionId:1675a059-52a8-4626-bea9-a1b37207480c
Error Number:8152,State:10,Class:16
-----------------------------------------------
[Date 01/10/2016 03:27:50]
System.InvalidOperationException: An item placeholder must be specified on ListView 'lstContent'. Specify an item placeholder by setting a control's ID property to "itemPlaceholder". The item placeholder control must also specify runat="server".
   at System.Web.UI.WebControls.ListView.GetPreparedContainerInfo(Control outerContainer, Boolean isItem, Int32& placeholderIndex)
   at System.Web.UI.WebControls.ListView.CreateItemsWithoutGroups(ListViewPagedDataSource dataSource, Boolean dataBinding, InsertItemPosition insertPosition, ArrayList keyArray)
   at System.Web.UI.WebControls.ListView.CreateChildControls(IEnumerable dataSource, Boolean dataBinding)
   at System.Web.UI.WebControls.ListView.PerformDataBinding(IEnumerable data)
   at System.Web.UI.WebControls.DataBoundControl.OnDataSourceViewSelectCallback(IEnumerable data)
   at System.Web.UI.WebControls.ListView.PerformSelect()
   at vpro.eshop.cpanel.page.news.getInfo() in E:\Vi Cuong\Dev\Other\1tach\src\1tach.cms\vpro.eshop.cpanel\page\news.aspx.cs:line 406
-----------------------------------------------
[Date 01/10/2016 03:24:02]
System.InvalidOperationException: An item placeholder must be specified on ListView 'lstContent'. Specify an item placeholder by setting a control's ID property to "itemPlaceholder". The item placeholder control must also specify runat="server".
   at System.Web.UI.WebControls.ListView.GetPreparedContainerInfo(Control outerContainer, Boolean isItem, Int32& placeholderIndex)
   at System.Web.UI.WebControls.ListView.CreateItemsWithoutGroups(ListViewPagedDataSource dataSource, Boolean dataBinding, InsertItemPosition insertPosition, ArrayList keyArray)
   at System.Web.UI.WebControls.ListView.CreateChildControls(IEnumerable dataSource, Boolean dataBinding)
   at System.Web.UI.WebControls.ListView.PerformDataBinding(IEnumerable data)
   at System.Web.UI.WebControls.DataBoundControl.OnDataSourceViewSelectCallback(IEnumerable data)
   at System.Web.UI.WebControls.ListView.PerformSelect()
   at vpro.eshop.cpanel.page.news.getInfo() in E:\Vi Cuong\Dev\Other\1tach\src\1tach.cms\vpro.eshop.cpanel\page\news.aspx.cs:line 406
-----------------------------------------------
[Date 01/10/2016 03:22:49]
System.InvalidOperationException: An item placeholder must be specified on ListView 'lstContent'. Specify an item placeholder by setting a control's ID property to "itemPlaceholder". The item placeholder control must also specify runat="server".
   at System.Web.UI.WebControls.ListView.GetPreparedContainerInfo(Control outerContainer, Boolean isItem, Int32& placeholderIndex)
   at System.Web.UI.WebControls.ListView.CreateItemsWithoutGroups(ListViewPagedDataSource dataSource, Boolean dataBinding, InsertItemPosition insertPosition, ArrayList keyArray)
   at System.Web.UI.WebControls.ListView.CreateChildControls(IEnumerable dataSource, Boolean dataBinding)
   at System.Web.UI.WebControls.ListView.PerformDataBinding(IEnumerable data)
   at System.Web.UI.WebControls.DataBoundControl.OnDataSourceViewSelectCallback(IEnumerable data)
   at System.Web.UI.WebControls.ListView.PerformSelect()
   at vpro.eshop.cpanel.page.news.getInfo() in E:\Vi Cuong\Dev\Other\1tach\src\1tach.cms\vpro.eshop.cpanel\page\news.aspx.cs:line 406
-----------------------------------------------
[Date 01/10/2016 03:22:11]
System.InvalidOperationException: An item placeholder must be specified on ListView 'lstContent'. Specify an item placeholder by setting a control's ID property to "itemPlaceholder". The item placeholder control must also specify runat="server".
   at System.Web.UI.WebControls.ListView.GetPreparedContainerInfo(Control outerContainer, Boolean isItem, Int32& placeholderIndex)
   at System.Web.UI.WebControls.ListView.CreateItemsWithoutGroups(ListViewPagedDataSource dataSource, Boolean dataBinding, InsertItemPosition insertPosition, ArrayList keyArray)
   at System.Web.UI.WebControls.ListView.CreateChildControls(IEnumerable dataSource, Boolean dataBinding)
   at System.Web.UI.WebControls.ListView.PerformDataBinding(IEnumerable data)
   at System.Web.UI.WebControls.DataBoundControl.OnDataSourceViewSelectCallback(IEnumerable data)
   at System.Web.UI.WebControls.ListView.PerformSelect()
   at vpro.eshop.cpanel.page.news.getInfo() in E:\Vi Cuong\Dev\Other\1tach\src\1tach.cms\vpro.eshop.cpanel\page\news.aspx.cs:line 406
-----------------------------------------------
[Date 01/10/2016 03:22:06]
System.InvalidOperationException: An item placeholder must be specified on ListView 'lstContent'. Specify an item placeholder by setting a control's ID property to "itemPlaceholder". The item placeholder control must also specify runat="server".
   at System.Web.UI.WebControls.ListView.GetPreparedContainerInfo(Control outerContainer, Boolean isItem, Int32& placeholderIndex)
   at System.Web.UI.WebControls.ListView.CreateItemsWithoutGroups(ListViewPagedDataSource dataSource, Boolean dataBinding, InsertItemPosition insertPosition, ArrayList keyArray)
   at System.Web.UI.WebControls.ListView.CreateChildControls(IEnumerable dataSource, Boolean dataBinding)
   at System.Web.UI.WebControls.ListView.PerformDataBinding(IEnumerable data)
   at System.Web.UI.WebControls.DataBoundControl.OnDataSourceViewSelectCallback(IEnumerable data)
   at System.Web.UI.WebControls.ListView.PerformSelect()
   at vpro.eshop.cpanel.page.news.getInfo() in E:\Vi Cuong\Dev\Other\1tach\src\1tach.cms\vpro.eshop.cpanel\page\news.aspx.cs:line 406
-----------------------------------------------
[Date 29/09/2016 11:38:34]
System.ArgumentException: Parameter is not valid.
   at System.Drawing.Image.FromStream(Stream stream, Boolean useEmbeddedColorManagement, Boolean validateImageData)
   at System.Drawing.Image.FromStream(Stream stream)
   at vpro.eshop.cpanel.Components.CpanelUtils.ImageResize(String ImageSavePath, String fileName, Int32 MaxWidthSideSize, Stream Buffer) in E:\Vi Cuong\Dev\Other\1tach\src\1tach.cms\vpro.eshop.cpanel\Components\CpanelUtils.cs:line 215
   at vpro.eshop.cpanel.page.config_meta.SaveInfo() in E:\Vi Cuong\Dev\Other\1tach\src\1tach.cms\vpro.eshop.cpanel\page\config_meta.aspx.cs:line 291
-----------------------------------------------
